<?xml version="1.0" encoding="UTF-8"?>
<testng-results skipped="0" failed="0" ignored="0" total="2" passed="2">
  <reporter-output>
  </reporter-output>
  <suite name="PracticeSuite" duration-ms="66" started-at="2019-08-07T06:09:13Z" finished-at="2019-08-07T06:09:13Z">
    <groups>
    </groups>
    <test name="PracticeTest" duration-ms="66" started-at="2019-08-07T06:09:13Z" finished-at="2019-08-07T06:09:13Z">
      <class name="testpackage.Day1">
        <test-method status="PASS" signature="demo()[pri:0, instance:testpackage.Day1@f4468b]" name="demo" duration-ms="14" started-at="2019-08-07T06:09:13Z" finished-at="2019-08-07T06:09:13Z">
          <reporter-output>
          </reporter-output>
        </test-method> <!-- demo -->
        <test-method status="PASS" signature="sum()[pri:0, instance:testpackage.Day1@f4468b]" name="sum" duration-ms="3" started-at="2019-08-07T06:09:13Z" finished-at="2019-08-07T06:09:13Z">
          <reporter-output>
          </reporter-output>
        </test-method> <!-- sum -->
      </class> <!-- testpackage.Day1 -->
    </test> <!-- PracticeTest -->
  </suite> <!-- PracticeSuite -->
</testng-results>
